<?xml version="1.0" encoding="UTF-8"?>
<testng-results ignored="0" total="1" passed="1" failed="0" skipped="0">
  <reporter-output>
  </reporter-output>
  <suite started-at="2024-06-14T00:55:05 IST" name="Default suite" finished-at="2024-06-14T00:55:33 IST" duration-ms="28166">
    <groups>
    </groups>
    <test started-at="2024-06-14T00:55:05 IST" name="Default test" finished-at="2024-06-14T00:55:33 IST" duration-ms="28166">
      <class name="com.ust.apiDemosQA.LongPressTest">
        <test-method is-config="true" signature="setUp()[pri:0, instance:com.ust.apiDemosQA.LongPressTest@15888343]" started-at="2024-06-14T00:55:05 IST" name="setUp" finished-at="2024-06-14T00:55:25 IST" duration-ms="19743" status="PASS">
          <reporter-output>
          </reporter-output>
        </test-method> <!-- setUp -->
        <test-method signature="longPressTest()[pri:0, instance:com.ust.apiDemosQA.LongPressTest@15888343]" started-at="2024-06-14T00:55:25 IST" name="longPressTest" finished-at="2024-06-14T00:55:32 IST" duration-ms="7573" status="PASS">
          <reporter-output>
          </reporter-output>
        </test-method> <!-- longPressTest -->
        <test-method is-config="true" signature="tearDown()[pri:0, instance:com.ust.apiDemosQA.LongPressTest@15888343]" started-at="2024-06-14T00:55:32 IST" name="tearDown" finished-at="2024-06-14T00:55:33 IST" duration-ms="791" status="PASS">
          <reporter-output>
          </reporter-output>
        </test-method> <!-- tearDown -->
      </class> <!-- com.ust.apiDemosQA.LongPressTest -->
    </test> <!-- Default test -->
  </suite> <!-- Default suite -->
</testng-results>
